#-----------------------------------------------------------
# Vivado v2019.1 (64-bit)
# SW Build 2552052 on Fri May 24 14:49:42 MDT 2019
# IP Build 2548770 on Fri May 24 18:01:18 MDT 2019
# Start of session at: Tue Jun 17 16:33:04 2025
# Process ID: 14936
# Current directory: D:/led_prj/project_1
# Command line: vivado.exe -gui_launcher_event rodinguilauncherevent17060 D:\led_prj\project_1\project_1.xpr
# Log file: D:/led_prj/project_1/vivado.log
# Journal file: D:/led_prj/project_1\vivado.jou
#-----------------------------------------------------------
start_gui
open_project D:/led_prj/project_1/project_1.xpr
Scanning sources...
Finished scanning sources
INFO: [IP_Flow 19-234] Refreshing IP repositories
INFO: [IP_Flow 19-1704] No user IP repositories specified
INFO: [IP_Flow 19-2313] Loaded Vivado IP repository 'C:/Xilinx/Vivado/2019.1/data/ip'.
open_project: Time (s): cpu = 00:00:14 ; elapsed = 00:00:10 . Memory (MB): peak = 780.270 ; gain = 170.117
update_compile_order -fileset sources_1
open_hw
connect_hw_server
INFO: [Labtools 27-2285] Connecting to hw_server url TCP:localhost:3121
localhost:3121
open_hw_target
INFO: [Labtoolstcl 44-466] Opening hw_target localhost:3121/xilinx_tcf/Digilent/26FBDA178871
ERROR: [Labtools 27-2269] No devices detected on target localhost:3121/xilinx_tcf/Digilent/26FBDA178871.
Check cable connectivity and that the target board is powered up then
use the disconnect_hw_server and connect_hw_server to re-register this hardware target.
ERROR: [Common 17-39] 'open_hw_target' failed due to earlier errors.
close_hw
exit
INFO: [Common 17-206] Exiting Vivado at Tue Jun 17 16:37:16 2025...
